<?xml version="1.0" ?>
<testsuites errors="0" failures="0" name="ABLUnit" tests="17"><testsuite name="D:/d6l/WorkSpace/SupplierInvoiceApprove/tests/SupplierInvoiceApproveTestCase.p" tests="17" time="18.538"><testcase name="TestGetCInvoiceSummaryInfoForAll" status="Success" time="14.676"/><testcase name="TestGetCInvoiceSummaryInfoForSingleInvoice" status="Success" time=".1"/><testcase name="TestGetCInvoiceSummaryInfoCrossCompany" status="Success" time="1.211"/><testcase name="TestGetCInvoiceSummaryInfoGetApprovedInvoice" status="Success" time=".118"/><testcase name="TestGetCInvoiceOtherInfoForAll" status="Success" time=".459"/><testcase name="TestGetCInvoiceOtherInfoForSingleInvoice" status="Success" time=".145"/><testcase name="TestGetCInvoiceOtherInfoCrossCompany" status="Success" time=".151"/><testcase name="TestGetCInvoiceOtherInfoGetApprovedInvoice" status="Success" time=".116"/><testcase name="TestApprovalWorkFlowIsEnabledByCompanyId" status="Success" time=".147"/><testcase name="TestApprovalWorkFlowIsEnabledByCompanyCode" status="Success" time=".142"/><testcase name="TestApprovalWorkFlowIsEnabledWithOutInput" status="Success" time=".112"/><testcase name="TestApiGetCIAndMFPostingForExternal1" status="Success" time=".253"/><testcase name="TestApiGetCIAndMFPostingForExternal2" status="Success" time=".13"/><testcase name="TestApiGetCIAndMFPostingForExternal3" status="Success" time=".151"/><testcase name="TestApiGetCIAndMFPostingForExternal4" status="Success" time=".144"/><testcase name="TestApiGetCIAndMFPostingForExternal5" status="Success" time=".294"/><testcase name="TestApiGetCIAndMFPostingForExternal6" status="Success" time=".156"/></testsuite></testsuites>